503,66,c.html
503,17,a.html
503,56,c.html
503,60,b.html
503,67,a.html
200,52,a.html
404,92,d.html
503,88,a.html
503,63,d.html
404,48,a.html
404,84,b.html
503,51,d.html
200,14,d.html
503,11,c.html
503,48,c.html
503,70,a.html
200,9,a.html
200,90,b.html
503,66,a.html
503,56,d.html
503,85,a.html
404,35,b.html
503,17,c.html
503,67,a.html
200,98,c.html
404,84,a.html
503,63,d.html
404,4,c.html
404,59,d.html
503,76,a.html
200,4,c.html
503,54,a.html
404,33,a.html
200,8,a.html
404,83,a.html
200,78,d.html
503,49,b.html
200,84,d.html
200,64,a.html
404,6,a.html
404,11,d.html
200,91,a.html
503,16,a.html
503,24,a.html
200,80,a.html
404,5,d.html
200,81,d.html
404,66,a.html
404,72,d.html
200,9,d.html
404,17,c.html
503,57,d.html
404,0,d.html
503,85,d.html
404,74,a.html
200,12,d.html
503,80,d.html
200,46,b.html
404,5,c.html
200,47,d.html
200,70,a.html
200,0,b.html
503,36,a.html
503,24,c.html
503,71,d.html
404,62,a.html
200,38,a.html
404,81,c.html
503,14,d.html
200,66,d.html
404,97,a.html
503,20,d.html
503,94,a.html
503,21,b.html
503,23,a.html
200,52,c.html
503,98,d.html
404,78,a.html
200,23,c.html
404,25,b.html
503,0,c.html
404,38,d.html
503,95,d.html
200,45,d.html
503,83,b.html
200,91,c.html
503,91,c.html
503,90,d.html
200,46,a.html
404,74,d.html
404,68,d.html
503,27,c.html
200,57,d.html
200,31,c.html
503,75,d.html
200,83,b.html
503,48,a.html
200,12,a.html
503,42,b.html
404,72,a.html
404,68,c.html
200,59,b.html
404,72,c.html
200,69,b.html
503,94,c.html
404,24,b.html
200,54,c.html
200,52,b.html
404,54,b.html
503,52,c.html
404,86,a.html
503,23,a.html
404,92,d.html
200,39,a.html
404,0,c.html
200,6,d.html
404,23,a.html
200,74,a.html
404,3,d.html
503,21,b.html
200,71,a.html
404,37,c.html
200,65,d.html
404,41,c.html
503,14,c.html
503,35,a.html
404,61,c.html
200,34,a.html
200,79,b.html
503,20,a.html
200,42,c.html
503,3,d.html
503,10,b.html
404,75,b.html
404,22,d.html
200,50,c.html
200,4,b.html
404,91,a.html
200,36,b.html
200,38,b.html
503,78,c.html
404,80,c.html
404,29,a.html
200,19,c.html
200,78,a.html
200,50,c.html
200,19,c.html
503,10,d.html
503,18,c.html
200,66,d.html
503,16,b.html
503,7,d.html
503,40,d.html
200,17,d.html
200,48,a.html
200,51,d.html
200,32,d.html
503,75,c.html
200,45,a.html
503,54,b.html
503,29,a.html
503,25,a.html
404,83,b.html
200,66,c.html
200,48,c.html
404,38,d.html
404,81,b.html
503,19,b.html
503,47,d.html
503,75,d.html
503,98,a.html
404,36,b.html
200,73,b.html
404,58,a.html
200,22,b.html
404,66,a.html
404,24,c.html
200,3,c.html
503,8,d.html
503,44,d.html
404,19,a.html
404,83,d.html
404,21,a.html
503,94,d.html
200,13,c.html
503,85,d.html
200,92,d.html
404,63,d.html
503,40,b.html
200,54,b.html
503,65,c.html
503,67,d.html
404,50,a.html
200,24,c.html
200,88,c.html
200,46,b.html
404,67,b.html
200,4,d.html
503,82,c.html
404,35,c.html
404,17,c.html
404,26,d.html
200,35,a.html
404,57,b.html
503,32,c.html
200,94,b.html
200,68,c.html
404,44,d.html
404,74,d.html
503,29,b.html
200,32,d.html
404,4,a.html
503,78,c.html
200,21,a.html
200,26,d.html
404,82,b.html
404,26,a.html
200,62,b.html
200,97,b.html
200,80,a.html
200,96,d.html
503,58,c.html
404,0,a.html
200,85,d.html
404,78,b.html
404,8,d.html
404,22,b.html
200,17,c.html
503,9,a.html
404,97,c.html
200,66,d.html
200,35,a.html
503,60,b.html
200,75,a.html
503,0,d.html
200,5,c.html
404,18,b.html
404,48,a.html
404,23,b.html
200,44,c.html
503,26,c.html
200,0,b.html
503,63,c.html
503,78,d.html
200,91,d.html
200,84,d.html
200,75,d.html
404,25,a.html
404,71,c.html
200,43,a.html
200,20,a.html
200,42,c.html
200,54,b.html
200,77,a.html
503,2,d.html
404,59,a.html
503,72,b.html
503,26,c.html
404,64,b.html
404,33,b.html
503,57,c.html
503,61,d.html
200,23,a.html
503,35,d.html
503,5,d.html
503,43,a.html
503,4,d.html
503,84,a.html
503,47,d.html
200,24,a.html
404,67,c.html
503,3,c.html
503,42,c.html
200,93,d.html
404,52,a.html
200,42,d.html
404,71,b.html
200,3,a.html
404,44,d.html
503,13,a.html
503,3,b.html
200,60,a.html
503,77,c.html
200,33,d.html
503,29,b.html
200,12,a.html
503,27,b.html
200,6,c.html
200,49,c.html
404,20,d.html
404,3,d.html
200,97,b.html
200,20,a.html
200,35,d.html
404,79,d.html
404,82,c.html
200,92,d.html
404,57,c.html
200,48,a.html
503,54,d.html
404,99,b.html
404,22,a.html
200,16,b.html
503,85,b.html
404,35,b.html
503,91,c.html
404,27,b.html
404,36,d.html
503,97,d.html
503,64,c.html
200,49,a.html
200,43,a.html
503,76,c.html
200,14,b.html
200,79,c.html
404,9,c.html
404,94,c.html
404,35,a.html
200,3,a.html
404,41,a.html
200,61,a.html
404,73,c.html
404,10,a.html
404,13,c.html
200,44,c.html
200,37,b.html
503,88,d.html
404,73,a.html
404,16,c.html
503,30,a.html
200,27,c.html
404,7,d.html
404,55,c.html
200,13,b.html
503,41,b.html
200,81,a.html
404,1,b.html
200,75,b.html
200,90,d.html
200,13,d.html
200,61,b.html
404,33,c.html
503,34,b.html
503,74,d.html
503,60,b.html
404,88,b.html
200,43,b.html
503,27,b.html
200,8,d.html
503,35,a.html
503,74,b.html
404,73,a.html
503,88,a.html
503,82,d.html
404,26,c.html
404,97,d.html
503,48,c.html
404,17,a.html
200,80,c.html
200,64,c.html
404,39,a.html
404,57,a.html
200,6,d.html
200,80,a.html
404,18,d.html
200,51,d.html
200,80,d.html
404,88,a.html
200,88,b.html
503,76,d.html
503,74,b.html
200,12,d.html
200,56,b.html
404,44,d.html
200,11,d.html
200,47,a.html
404,27,b.html
404,27,b.html
200,84,d.html
200,70,a.html
503,99,b.html
503,81,c.html
503,32,b.html
404,26,c.html
200,98,d.html
404,6,d.html
503,63,c.html
404,41,a.html
503,44,d.html
200,32,a.html
503,66,b.html
200,62,a.html
404,19,d.html
404,70,d.html
200,5,c.html
200,36,d.html
200,44,d.html
503,22,b.html
503,96,a.html
200,62,a.html
404,27,a.html
503,86,c.html
404,14,b.html
404,53,d.html
200,25,d.html
503,31,a.html
404,32,c.html
404,85,c.html
404,31,a.html
503,6,c.html
404,71,c.html
503,9,a.html
200,23,a.html
503,68,b.html
200,93,d.html
503,15,b.html
503,34,a.html
503,58,a.html
200,44,d.html
503,98,a.html
404,9,d.html
200,23,c.html
200,89,c.html
404,12,b.html
200,61,c.html
404,66,c.html
404,95,b.html
503,55,d.html
404,62,c.html
503,32,b.html
503,49,d.html
200,14,a.html
503,88,a.html
404,82,c.html
404,63,c.html
503,16,a.html
200,12,d.html
200,27,c.html
200,10,d.html
503,50,a.html
503,46,a.html
404,58,d.html
503,71,d.html
404,22,a.html
503,53,b.html
404,15,a.html
404,5,c.html
404,93,b.html
503,29,a.html
503,65,b.html
503,97,b.html
404,74,a.html
404,37,a.html
503,80,d.html
503,99,a.html
200,42,c.html
200,64,b.html
404,32,c.html
404,64,c.html
200,9,c.html
404,54,a.html
200,19,b.html
200,44,b.html
503,9,c.html
200,65,d.html
503,39,c.html
200,84,c.html
200,29,a.html
503,22,a.html
200,60,b.html
404,27,c.html
503,40,a.html
200,53,a.html
200,50,a.html
503,17,b.html
503,81,d.html
503,32,a.html
503,14,a.html
503,88,a.html
404,64,b.html
404,27,a.html
404,35,b.html
200,31,a.html
503,87,d.html
200,46,b.html
503,4,b.html
503,51,d.html
503,71,d.html
404,62,b.html
200,9,a.html
200,93,d.html
200,78,a.html
200,38,a.html
503,12,b.html
404,95,c.html
404,11,c.html
503,63,d.html
503,74,c.html
404,82,d.html
200,96,d.html
200,97,b.html
200,94,b.html
200,48,d.html
503,87,d.html
200,40,c.html
503,14,a.html
200,56,b.html
404,52,a.html
200,28,b.html
503,68,c.html
200,62,b.html
200,0,c.html
200,92,d.html
404,61,c.html
200,18,a.html
503,80,c.html
404,88,a.html
200,43,c.html
503,48,a.html
200,80,b.html
404,1,c.html
200,80,b.html
404,2,d.html
503,30,b.html
404,86,d.html
503,23,b.html
503,35,b.html
404,55,d.html
404,97,b.html
404,78,d.html
200,52,d.html
404,42,d.html
200,67,a.html
503,45,a.html
200,5,a.html
404,48,b.html
200,39,d.html
404,63,a.html
200,13,a.html
200,44,b.html
503,13,b.html
503,43,b.html
404,71,b.html
503,88,a.html
200,83,a.html
404,82,d.html
200,9,a.html
404,5,d.html
503,10,b.html
503,57,a.html
200,4,b.html
404,72,a.html
200,10,a.html
200,73,b.html
404,2,b.html
200,94,d.html
404,0,c.html
200,16,c.html
404,16,a.html
404,34,b.html
200,96,b.html
404,19,a.html
200,92,c.html
503,73,a.html
503,20,c.html
404,29,d.html
503,99,c.html
404,91,c.html
404,85,a.html
200,36,b.html
503,91,a.html
404,26,b.html
503,48,c.html
404,49,b.html
404,75,a.html
200,36,b.html
404,98,a.html
503,63,b.html
503,65,c.html
404,58,a.html
200,40,d.html
503,69,c.html
404,82,b.html
503,77,c.html
404,65,d.html
200,29,b.html
200,70,a.html
200,56,b.html
404,50,a.html
200,23,a.html
200,14,a.html
200,23,b.html
200,33,b.html
200,86,d.html
200,62,a.html
503,35,b.html
503,78,d.html
404,29,a.html
200,64,a.html
503,36,a.html
404,63,c.html
404,13,b.html
200,3,c.html
503,9,d.html
404,32,d.html
404,80,b.html
404,94,c.html
200,38,b.html
200,91,c.html
503,59,d.html
404,17,c.html
200,44,a.html
503,50,b.html
404,69,a.html
503,26,c.html
503,21,d.html
503,30,d.html
200,64,d.html
503,73,a.html
503,98,b.html
503,95,d.html
404,39,a.html
200,37,a.html
404,35,c.html
200,74,c.html
200,62,c.html
503,3,a.html
503,71,a.html
503,19,c.html
200,71,a.html
404,61,a.html
503,22,c.html
503,69,b.html
200,63,b.html
404,13,b.html
404,8,d.html
200,65,c.html
503,2,a.html
200,29,d.html
200,16,c.html
503,19,b.html
503,30,b.html
200,74,c.html
200,73,a.html
200,12,c.html
404,4,a.html
404,8,a.html
404,0,b.html
200,64,b.html
404,80,b.html
404,36,d.html
503,99,a.html
503,64,a.html
503,54,c.html
200,18,b.html
404,34,a.html
503,99,c.html
200,36,d.html
404,26,a.html
200,69,c.html
200,30,b.html
404,26,a.html
200,27,b.html
503,6,c.html
404,63,a.html
404,2,a.html
404,16,b.html
200,13,b.html
503,72,b.html
404,36,a.html
503,74,c.html
404,62,d.html
404,1,b.html
503,97,c.html
404,31,b.html
404,11,d.html
404,71,a.html
503,9,c.html
200,72,a.html
200,15,d.html
200,96,c.html
200,51,d.html
404,38,a.html
503,83,c.html
503,24,b.html
200,15,d.html
404,71,d.html
200,12,a.html
200,70,a.html
200,27,b.html
404,93,a.html
404,30,c.html
503,68,b.html
404,45,a.html
200,44,b.html
503,16,d.html
503,93,c.html
503,52,b.html
200,52,c.html
200,36,a.html
200,92,c.html
503,86,c.html
404,62,a.html
404,66,b.html
404,51,c.html
200,39,b.html
200,73,b.html
404,97,a.html
503,14,a.html
404,81,d.html
200,38,a.html
200,66,a.html
404,2,a.html
404,9,a.html
404,0,c.html
404,42,d.html
200,23,d.html
404,33,b.html
503,93,a.html
200,96,c.html
200,9,b.html
503,23,d.html
503,61,c.html
200,8,d.html
404,12,a.html
200,93,b.html
200,86,b.html
404,27,a.html
404,46,d.html
200,56,a.html
404,26,a.html
200,3,d.html
404,77,c.html
200,24,a.html
404,49,a.html
503,78,c.html
404,43,a.html
200,41,b.html
404,63,b.html
200,11,c.html
404,6,c.html
404,93,a.html
503,2,a.html
200,5,c.html
404,14,c.html
404,53,b.html
404,21,b.html
503,85,c.html
404,61,a.html
200,70,a.html
503,53,c.html
200,27,b.html
503,37,b.html
503,13,c.html
503,48,b.html
503,25,c.html
200,98,b.html
200,71,a.html
200,7,b.html
503,88,b.html
404,39,d.html
404,23,d.html
503,26,a.html
503,56,b.html
404,8,b.html
503,58,c.html
404,28,a.html
404,74,d.html
404,30,d.html
404,34,b.html
404,50,a.html
503,73,d.html
503,21,a.html
404,3,b.html
503,4,d.html
503,39,a.html
404,84,d.html
200,67,c.html
404,86,c.html
503,27,d.html
404,71,b.html
503,60,c.html
200,41,d.html
200,40,d.html
404,26,d.html
503,44,c.html
404,78,c.html
200,67,c.html
503,66,b.html
503,61,b.html
503,89,d.html
503,14,d.html
503,16,a.html
404,7,a.html
404,95,c.html
503,25,a.html
404,11,b.html
200,63,d.html
404,37,d.html
200,52,d.html
404,51,d.html
200,87,d.html
200,89,a.html
503,31,d.html
404,97,d.html
404,4,b.html
503,88,c.html
200,21,d.html
503,27,c.html
404,60,c.html
200,38,d.html
503,91,a.html
200,87,b.html
404,68,b.html
200,66,a.html
404,28,b.html
503,60,d.html
200,65,d.html
200,66,b.html
404,92,b.html
503,36,c.html
404,12,b.html
503,6,b.html
200,14,a.html
404,53,b.html
200,0,a.html
503,14,c.html
404,72,a.html
503,60,d.html
503,9,a.html
503,50,c.html
200,14,d.html
200,8,d.html
503,74,b.html
200,41,a.html
200,34,b.html
200,69,c.html
200,60,b.html
404,34,a.html
200,98,d.html
503,56,a.html
404,51,d.html
503,14,c.html
404,75,c.html
404,48,b.html
404,82,c.html
200,49,c.html
200,91,c.html
200,50,a.html
404,99,a.html
200,41,d.html
200,75,d.html
503,81,d.html
200,40,b.html
503,8,c.html
404,84,a.html
503,9,c.html
200,64,c.html
404,66,b.html
404,36,a.html
503,19,d.html
200,71,b.html
503,5,b.html
404,4,d.html
503,3,b.html
404,62,b.html
200,86,b.html
404,93,c.html
404,42,d.html
503,87,b.html
404,18,b.html
404,27,c.html
503,19,c.html
503,92,a.html
200,86,a.html
200,58,c.html
200,95,d.html
503,94,c.html
200,8,a.html
200,92,a.html
503,13,c.html
503,54,c.html
200,26,c.html
404,21,c.html
200,0,a.html
200,77,d.html
503,17,b.html
200,60,c.html
404,86,d.html
200,29,c.html
503,75,d.html
200,17,a.html
503,54,c.html
503,48,a.html
503,64,d.html
404,67,a.html
200,13,d.html
200,72,b.html
404,63,a.html
503,31,b.html
503,95,c.html
200,33,a.html
503,8,c.html
200,52,d.html
200,3,a.html
503,28,c.html
200,37,b.html
200,17,d.html
200,82,b.html
200,16,b.html
200,9,c.html
503,77,b.html
503,17,b.html
200,55,b.html
200,41,d.html
404,0,c.html
200,34,c.html
200,66,d.html
404,3,d.html
200,21,c.html
404,42,c.html
503,67,d.html
503,27,a.html
404,72,d.html
503,63,b.html
503,38,d.html
404,13,a.html
404,67,a.html
200,70,a.html
404,94,b.html
200,76,c.html
404,18,d.html
200,0,d.html
404,37,b.html
404,84,b.html
503,21,d.html
404,62,c.html
404,98,a.html
404,23,d.html
503,54,d.html
503,28,a.html
200,24,d.html
503,42,b.html
503,23,c.html
200,62,c.html
404,70,c.html
200,4,d.html
404,62,b.html
200,13,b.html
404,33,b.html
503,61,b.html
200,24,a.html
503,97,a.html
503,53,a.html
503,55,d.html
503,19,a.html
200,73,b.html
404,47,b.html
200,98,b.html
200,24,c.html
503,34,a.html
503,52,c.html
503,22,c.html
503,89,d.html
404,53,c.html
200,37,d.html
200,50,a.html
503,89,d.html
404,50,d.html
200,27,c.html
503,29,c.html
404,82,c.html
503,69,c.html
503,46,a.html
404,77,b.html
503,65,b.html
503,7,c.html
200,9,d.html
404,32,b.html
200,29,c.html
404,67,c.html
404,33,c.html
503,62,d.html
503,56,c.html
404,69,a.html
503,36,d.html
503,78,b.html
503,24,c.html
503,21,b.html
503,48,b.html
503,1,c.html
200,9,a.html
200,20,c.html
503,49,d.html
404,45,a.html
503,5,b.html
404,7,d.html
503,20,c.html
404,2,b.html
404,53,c.html
